# JRE version: OpenJDK Runtime Environment Temurin-21.0.7+6 (21.0.7+6) (build 21.0.7+6-LTS)
# Java VM: OpenJDK 64-Bit Server VM Temurin-21.0.7+6 (21.0.7+6-LTS, mixed mode, sharing, tiered, compressed oops, compressed class ptrs, parallel gc, linux-amd64)
GC Precious Log:
 CardTable entry size: 512
 CPUs: 4 total, 4 available
 Memory: 7819M
 Large Page Support: Disabled
 NUMA Support: Disabled
 Compressed Oops: Enabled (32-bit)
 Alignments: Space 512K, Generation 512K, Heap 2M
 Heap Min Capacity: 100M
 Heap Initial Capacity: 100M
 Heap Max Capacity: 1G
 Pre-touch: Disabled
 Parallel Workers: 4
Heap:
 PSYoungGen      total 5120K, used 2951K [0x00000000eab00000, 0x00000000eb200000, 0x0000000100000000)
  eden space 4608K, 59% used [0x00000000eab00000,0x00000000eadb1fc0,0x00000000eaf80000)
  from space 512K, 37% used [0x00000000eb180000,0x00000000eb1b0000,0x00000000eb200000)
  to   space 1024K, 0% used [0x00000000eb000000,0x00000000eb000000,0x00000000eb100000)
 ParOldGen       total 526848K, used 526336K [0x00000000c0000000, 0x00000000e0280000, 0x00000000eab00000)
  object space 526848K, 99% used [0x00000000c0000000,0x00000000e02001d0,0x00000000e0280000)
 Metaspace       used 75260K, committed 76736K, reserved 1179648K
  class space    used 8932K, committed 9600K, reserved 1048576K
GC Heap History (20 events):
Event: 212.183 GC heap before
{Heap before GC invocations=445 (full 3):
 PSYoungGen      total 4096K, used 4029K [0x00000000eab00000, 0x00000000eb280000, 0x0000000100000000)
  eden space 3584K, 99% used [0x00000000eab00000,0x00000000eae7f6e0,0x00000000eae80000)
  from space 512K, 87% used [0x00000000eb180000,0x00000000eb1f0000,0x00000000eb200000)
  to   space 512K, 0% used [0x00000000eb200000,0x00000000eb200000,0x00000000eb280000)
 ParOldGen       total 521728K, used 521605K [0x00000000c0000000, 0x00000000dfd80000, 0x00000000eab00000)
  object space 521728K, 99% used [0x00000000c0000000,0x00000000dfd615c0,0x00000000dfd80000)
 Metaspace       used 75260K, committed 76736K, reserved 1179648K
  class space    used 8932K, committed 9600K, reserved 1048576K
}
Event: 212.186 GC heap after
{Heap after GC invocations=445 (full 3):
 PSYoungGen      total 5120K, used 416K [0x00000000eab00000, 0x00000000eb280000, 0x0000000100000000)
  eden space 4608K, 0% used [0x00000000eab00000,0x00000000eab00000,0x00000000eaf80000)
  from space 512K, 81% used [0x00000000eb200000,0x00000000eb268000,0x00000000eb280000)
  to   space 512K, 0% used [0x00000000eb180000,0x00000000eb180000,0x00000000eb200000)
 ParOldGen       total 522240K, used 521965K [0x00000000c0000000, 0x00000000dfe00000, 0x00000000eab00000)
  object space 522240K, 99% used [0x00000000c0000000,0x00000000dfdbb5c0,0x00000000dfe00000)
 Metaspace       used 75260K, committed 76736K, reserved 1179648K
  class space    used 8932K, committed 9600K, reserved 1048576K
}
Event: 212.197 GC heap before
{Heap before GC invocations=446 (full 3):
 PSYoungGen      total 5120K, used 5024K [0x00000000eab00000, 0x00000000eb280000, 0x0000000100000000)
  eden space 4608K, 100% used [0x00000000eab00000,0x00000000eaf80000,0x00000000eaf80000)
  from space 512K, 81% used [0x00000000eb200000,0x00000000eb268000,0x00000000eb280000)
  to   space 512K, 0% used [0x00000000eb180000,0x00000000eb180000,0x00000000eb200000)
 ParOldGen       total 522240K, used 521965K [0x00000000c0000000, 0x00000000dfe00000, 0x00000000eab00000)
  object space 522240K, 99% used [0x00000000c0000000,0x00000000dfdbb5c0,0x00000000dfe00000)
 Metaspace       used 75260K, committed 76736K, reserved 1179648K
  class space    used 8932K, committed 9600K, reserved 1048576K
}
Event: 212.200 GC heap after
{Heap after GC invocations=446 (full 3):
 PSYoungGen      total 5120K, used 480K [0x00000000eab00000, 0x00000000eb280000, 0x0000000100000000)
  eden space 4608K, 0% used [0x00000000eab00000,0x00000000eab00000,0x00000000eaf80000)
  from space 512K, 93% used [0x00000000eb180000,0x00000000eb1f8000,0x00000000eb200000)
  to   space 512K, 0% used [0x00000000eb200000,0x00000000eb200000,0x00000000eb280000)
 ParOldGen       total 522752K, used 522328K [0x00000000c0000000, 0x00000000dfe80000, 0x00000000eab00000)
  object space 522752K, 99% used [0x00000000c0000000,0x00000000dfe161d0,0x00000000dfe80000)
 Metaspace       used 75260K, committed 76736K, reserved 1179648K
  class space    used 8932K, committed 9600K, reserved 1048576K
}
Event: 212.211 GC heap before
{Heap before GC invocations=447 (full 3):
 PSYoungGen      total 5120K, used 5088K [0x00000000eab00000, 0x00000000eb280000, 0x0000000100000000)
  eden space 4608K, 100% used [0x00000000eab00000,0x00000000eaf80000,0x00000000eaf80000)
  from space 512K, 93% used [0x00000000eb180000,0x00000000eb1f8000,0x00000000eb200000)
  to   space 512K, 0% used [0x00000000eb200000,0x00000000eb200000,0x00000000eb280000)
 ParOldGen       total 522752K, used 522328K [0x00000000c0000000, 0x00000000dfe80000, 0x00000000eab00000)
  object space 522752K, 99% used [0x00000000c0000000,0x00000000dfe161d0,0x00000000dfe80000)
 Metaspace       used 75260K, committed 76736K, reserved 1179648K
  class space    used 8932K, committed 9600K, reserved 1048576K
}
Event: 212.213 GC heap after
{Heap after GC invocations=447 (full 3):
 PSYoungGen      total 5120K, used 512K [0x00000000eab00000, 0x00000000eb280000, 0x0000000100000000)
  eden space 4608K, 0% used [0x00000000eab00000,0x00000000eab00000,0x00000000eaf80000)
  from space 512K, 100% used [0x00000000eb200000,0x00000000eb280000,0x00000000eb280000)
  to   space 1536K, 0% used [0x00000000eaf80000,0x00000000eaf80000,0x00000000eb100000)
 ParOldGen       total 523264K, used 522768K [0x00000000c0000000, 0x00000000dff00000, 0x00000000eab00000)
  object space 523264K, 99% used [0x00000000c0000000,0x00000000dfe841d0,0x00000000dff00000)
 Metaspace       used 75260K, committed 76736K, reserved 1179648K
  class space    used 8932K, committed 9600K, reserved 1048576K
}
Event: 212.225 GC heap before
{Heap before GC invocations=448 (full 3):
 PSYoungGen      total 5120K, used 5120K [0x00000000eab00000, 0x00000000eb280000, 0x0000000100000000)
  eden space 4608K, 100% used [0x00000000eab00000,0x00000000eaf80000,0x00000000eaf80000)
  from space 512K, 100% used [0x00000000eb200000,0x00000000eb280000,0x00000000eb280000)
  to   space 1536K, 0% used [0x00000000eaf80000,0x00000000eaf80000,0x00000000eb100000)
 ParOldGen       total 523264K, used 522768K [0x00000000c0000000, 0x00000000dff00000, 0x00000000eab00000)
  object space 523264K, 99% used [0x00000000c0000000,0x00000000dfe841d0,0x00000000dff00000)
 Metaspace       used 75260K, committed 76736K, reserved 1179648K
  class space    used 8932K, committed 9600K, reserved 1048576K
}
Event: 212.229 GC heap after
{Heap after GC invocations=448 (full 3):
 PSYoungGen      total 6144K, used 480K [0x00000000eab00000, 0x00000000eb280000, 0x0000000100000000)
  eden space 4608K, 0% used [0x00000000eab00000,0x00000000eab00000,0x00000000eaf80000)
  from space 1536K, 31% used [0x00000000eaf80000,0x00000000eaff8000,0x00000000eb100000)
  to   space 1024K, 0% used [0x00000000eb180000,0x00000000eb180000,0x00000000eb280000)
 ParOldGen       total 523264K, used 523216K [0x00000000c0000000, 0x00000000dff00000, 0x00000000eab00000)
  object space 523264K, 99% used [0x00000000c0000000,0x00000000dfef41d0,0x00000000dff00000)
 Metaspace       used 75260K, committed 76736K, reserved 1179648K
  class space    used 8932K, committed 9600K, reserved 1048576K
}
Event: 212.247 GC heap before
{Heap before GC invocations=449 (full 3):
 PSYoungGen      total 6144K, used 5088K [0x00000000eab00000, 0x00000000eb280000, 0x0000000100000000)
  eden space 4608K, 100% used [0x00000000eab00000,0x00000000eaf80000,0x00000000eaf80000)
  from space 1536K, 31% used [0x00000000eaf80000,0x00000000eaff8000,0x00000000eb100000)
  to   space 1024K, 0% used [0x00000000eb180000,0x00000000eb180000,0x00000000eb280000)
 ParOldGen       total 523264K, used 523216K [0x00000000c0000000, 0x00000000dff00000, 0x00000000eab00000)
  object space 523264K, 99% used [0x00000000c0000000,0x00000000dfef41d0,0x00000000dff00000)
 Metaspace       used 75260K, committed 76736K, reserved 1179648K
  class space    used 8932K, committed 9600K, reserved 1048576K
}
Event: 212.249 GC heap after
{Heap after GC invocations=449 (full 3):
 PSYoungGen      total 5632K, used 544K [0x00000000eab00000, 0x00000000eb280000, 0x0000000100000000)
  eden space 4608K, 0% used [0x00000000eab00000,0x00000000eab00000,0x00000000eaf80000)
  from space 1024K, 53% used [0x00000000eb180000,0x00000000eb208000,0x00000000eb280000)
  to   space 1024K, 0% used [0x00000000eb080000,0x00000000eb080000,0x00000000eb180000)
 ParOldGen       total 523776K, used 523640K [0x00000000c0000000, 0x00000000dff80000, 0x00000000eab00000)
  object space 523776K, 99% used [0x00000000c0000000,0x00000000dff5e1d0,0x00000000dff80000)
 Metaspace       used 75260K, committed 76736K, reserved 1179648K
  class space    used 8932K, committed 9600K, reserved 1048576K
}
Event: 212.262 GC heap before
{Heap before GC invocations=450 (full 3):
 PSYoungGen      total 5632K, used 5151K [0x00000000eab00000, 0x00000000eb280000, 0x0000000100000000)
  eden space 4608K, 99% used [0x00000000eab00000,0x00000000eaf7fde0,0x00000000eaf80000)
  from space 1024K, 53% used [0x00000000eb180000,0x00000000eb208000,0x00000000eb280000)
  to   space 1024K, 0% used [0x00000000eb080000,0x00000000eb080000,0x00000000eb180000)
 ParOldGen       total 523776K, used 523640K [0x00000000c0000000, 0x00000000dff80000, 0x00000000eab00000)
  object space 523776K, 99% used [0x00000000c0000000,0x00000000dff5e1d0,0x00000000dff80000)
 Metaspace       used 75260K, committed 76736K, reserved 1179648K
  class space    used 8932K, committed 9600K, reserved 1048576K
}
Event: 212.264 GC heap after
{Heap after GC invocations=450 (full 3):
 PSYoungGen      total 5120K, used 512K [0x00000000eab00000, 0x00000000eb200000, 0x0000000100000000)
  eden space 4608K, 0% used [0x00000000eab00000,0x00000000eab00000,0x00000000eaf80000)
  from space 512K, 100% used [0x00000000eb080000,0x00000000eb100000,0x00000000eb100000)
  to   space 1024K, 0% used [0x00000000eb100000,0x00000000eb100000,0x00000000eb200000)
 ParOldGen       total 524288K, used 524104K [0x00000000c0000000, 0x00000000e0000000, 0x00000000eab00000)
  object space 524288K, 99% used [0x00000000c0000000,0x00000000dffd21d0,0x00000000e0000000)
 Metaspace       used 75260K, committed 76736K, reserved 1179648K
  class space    used 8932K, committed 9600K, reserved 1048576K
}
Event: 212.275 GC heap before
{Heap before GC invocations=451 (full 3):
 PSYoungGen      total 5120K, used 5120K [0x00000000eab00000, 0x00000000eb200000, 0x0000000100000000)
  eden space 4608K, 100% used [0x00000000eab00000,0x00000000eaf80000,0x00000000eaf80000)
  from space 512K, 100% used [0x00000000eb080000,0x00000000eb100000,0x00000000eb100000)
  to   space 1024K, 0% used [0x00000000eb100000,0x00000000eb100000,0x00000000eb200000)
 ParOldGen       total 524288K, used 524104K [0x00000000c0000000, 0x00000000e0000000, 0x00000000eab00000)
  object space 524288K, 99% used [0x00000000c0000000,0x00000000dffd21d0,0x00000000e0000000)
 Metaspace       used 75260K, committed 76736K, reserved 1179648K
  class space    used 8932K, committed 9600K, reserved 1048576K
}
Event: 212.277 GC heap after
{Heap after GC invocations=451 (full 3):
 PSYoungGen      total 5120K, used 512K [0x00000000eab00000, 0x00000000eb180000, 0x0000000100000000)
  eden space 4608K, 0% used [0x00000000eab00000,0x00000000eab00000,0x00000000eaf80000)
  from space 512K, 100% used [0x00000000eb100000,0x00000000eb180000,0x00000000eb180000)
  to   space 1024K, 0% used [0x00000000eaf80000,0x00000000eaf80000,0x00000000eb080000)
 ParOldGen       total 524800K, used 524608K [0x00000000c0000000, 0x00000000e0080000, 0x00000000eab00000)
  object space 524800K, 99% used [0x00000000c0000000,0x00000000e00501d0,0x00000000e0080000)
 Metaspace       used 75260K, committed 76736K, reserved 1179648K
  class space    used 8932K, committed 9600K, reserved 1048576K
}
Event: 212.291 GC heap before
{Heap before GC invocations=452 (full 3):
 PSYoungGen      total 5120K, used 5120K [0x00000000eab00000, 0x00000000eb180000, 0x0000000100000000)
  eden space 4608K, 100% used [0x00000000eab00000,0x00000000eaf80000,0x00000000eaf80000)
  from space 512K, 100% used [0x00000000eb100000,0x00000000eb180000,0x00000000eb180000)
  to   space 1024K, 0% used [0x00000000eaf80000,0x00000000eaf80000,0x00000000eb080000)
 ParOldGen       total 524800K, used 524608K [0x00000000c0000000, 0x00000000e0080000, 0x00000000eab00000)
  object space 524800K, 99% used [0x00000000c0000000,0x00000000e00501d0,0x00000000e0080000)
 Metaspace       used 75260K, committed 76736K, reserved 1179648K
  class space    used 8932K, committed 9600K, reserved 1048576K
}
Event: 212.293 GC heap after
{Heap after GC invocations=452 (full 3):
 PSYoungGen      total 5632K, used 512K [0x00000000eab00000, 0x00000000eb180000, 0x0000000100000000)
  eden space 4608K, 0% used [0x00000000eab00000,0x00000000eab00000,0x00000000eaf80000)
  from space 1024K, 50% used [0x00000000eaf80000,0x00000000eb000000,0x00000000eb080000)
  to   space 1024K, 0% used [0x00000000eb080000,0x00000000eb080000,0x00000000eb180000)
 ParOldGen       total 525312K, used 525048K [0x00000000c0000000, 0x00000000e0100000, 0x00000000eab00000)
  object space 525312K, 99% used [0x00000000c0000000,0x00000000e00be1d0,0x00000000e0100000)
 Metaspace       used 75260K, committed 76736K, reserved 1179648K
  class space    used 8932K, committed 9600K, reserved 1048576K
}
Event: 212.304 GC heap before
{Heap before GC invocations=453 (full 3):
 PSYoungGen      total 5632K, used 5120K [0x00000000eab00000, 0x00000000eb180000, 0x0000000100000000)
  eden space 4608K, 100% used [0x00000000eab00000,0x00000000eaf80000,0x00000000eaf80000)
  from space 1024K, 50% used [0x00000000eaf80000,0x00000000eb000000,0x00000000eb080000)
  to   space 1024K, 0% used [0x00000000eb080000,0x00000000eb080000,0x00000000eb180000)
 ParOldGen       total 525312K, used 525048K [0x00000000c0000000, 0x00000000e0100000, 0x00000000eab00000)
  object space 525312K, 99% used [0x00000000c0000000,0x00000000e00be1d0,0x00000000e0100000)
 Metaspace       used 75260K, committed 76736K, reserved 1179648K
  class space    used 8932K, committed 9600K, reserved 1048576K
}
Event: 212.307 GC heap after
{Heap after GC invocations=453 (full 3):
 PSYoungGen      total 5632K, used 576K [0x00000000eab00000, 0x00000000eb180000, 0x0000000100000000)
  eden space 4608K, 0% used [0x00000000eab00000,0x00000000eab00000,0x00000000eaf80000)
  from space 1024K, 56% used [0x00000000eb080000,0x00000000eb110000,0x00000000eb180000)
  to   space 1024K, 0% used [0x00000000eaf80000,0x00000000eaf80000,0x00000000eb080000)
 ParOldGen       total 525824K, used 525512K [0x00000000c0000000, 0x00000000e0180000, 0x00000000eab00000)
  object space 525824K, 99% used [0x00000000c0000000,0x00000000e01321d0,0x00000000e0180000)
 Metaspace       used 75260K, committed 76736K, reserved 1179648K
  class space    used 8932K, committed 9600K, reserved 1048576K
}
Event: 212.325 GC heap before
{Heap before GC invocations=454 (full 3):
 PSYoungGen      total 5632K, used 5175K [0x00000000eab00000, 0x00000000eb180000, 0x0000000100000000)
  eden space 4608K, 99% used [0x00000000eab00000,0x00000000eaf7dd10,0x00000000eaf80000)
  from space 1024K, 56% used [0x00000000eb080000,0x00000000eb110000,0x00000000eb180000)
  to   space 1024K, 0% used [0x00000000eaf80000,0x00000000eaf80000,0x00000000eb080000)
 ParOldGen       total 525824K, used 525512K [0x00000000c0000000, 0x00000000e0180000, 0x00000000eab00000)
  object space 525824K, 99% used [0x00000000c0000000,0x00000000e01321d0,0x00000000e0180000)
 Metaspace       used 75260K, committed 76736K, reserved 1179648K
  class space    used 8932K, committed 9600K, reserved 1048576K
}
Event: 212.328 GC heap after
{Heap after GC invocations=454 (full 3):
 PSYoungGen      total 5632K, used 994K [0x00000000eab00000, 0x00000000eb380000, 0x0000000100000000)
  eden space 4608K, 0% used [0x00000000eab00000,0x00000000eab00000,0x00000000eaf80000)
  from space 1024K, 97% used [0x00000000eaf80000,0x00000000eb078a00,0x00000000eb080000)
  to   space 2048K, 0% used [0x00000000eb180000,0x00000000eb180000,0x00000000eb380000)
 ParOldGen       total 526336K, used 526016K [0x00000000c0000000, 0x00000000e0200000, 0x00000000eab00000)
  object space 526336K, 99% used [0x00000000c0000000,0x00000000e01b01d0,0x00000000e0200000)
 Metaspace       used 75260K, committed 76736K, reserved 1179648K
  class space    used 8932K, committed 9600K, reserved 1048576K
}

